0 info it worked if it ends with ok
1 verbose cli [ '/usr/bin/node', '/usr/bin/npm', 'start' ]
2 info using npm@3.5.2
3 info using node@v8.10.0
4 verbose run-script [ 'prestart', 'start', 'poststart' ]
5 info lifecycle ps-redux@~prestart: ps-redux@
6 silly lifecycle ps-redux@~prestart: no script for prestart, continuing
7 info lifecycle ps-redux@~start: ps-redux@
8 verbose lifecycle ps-redux@~start: unsafe-perm in lifecycle true
9 verbose lifecycle ps-redux@~start: PATH: /usr/share/npm/bin/node-gyp-bin:/home/user/Desktop/gitpage/node_modules/.bin:/usr/local/sbin:/usr/local/bin:/usr/sbin:/usr/bin:/sbin:/bin:/usr/games:/usr/local/games:/snap/bin
10 verbose lifecycle ps-redux@~start: CWD: /home/user/Desktop/gitpage
11 silly lifecycle ps-redux@~start: Args: [ '-c',
11 silly lifecycle   'webpack-dev-server --config webpack.config.dev.js --port 3005' ]
12 silly lifecycle ps-redux@~start: Returned: code: 1  signal: null
13 info lifecycle ps-redux@~start: Failed to exec start script
14 verbose stack Error: ps-redux@ start: `webpack-dev-server --config webpack.config.dev.js --port 3005`
14 verbose stack Exit status 1
14 verbose stack     at EventEmitter.<anonymous> (/usr/share/npm/lib/utils/lifecycle.js:232:16)
14 verbose stack     at emitTwo (events.js:126:13)
14 verbose stack     at EventEmitter.emit (events.js:214:7)
14 verbose stack     at ChildProcess.<anonymous> (/usr/share/npm/lib/utils/spawn.js:24:14)
14 verbose stack     at emitTwo (events.js:126:13)
14 verbose stack     at ChildProcess.emit (events.js:214:7)
14 verbose stack     at maybeClose (internal/child_process.js:925:16)
14 verbose stack     at Process.ChildProcess._handle.onexit (internal/child_process.js:209:5)
15 verbose pkgid ps-redux@
16 verbose cwd /home/user/Desktop/gitpage
17 error Linux 5.3.0-40-generic
18 error argv "/usr/bin/node" "/usr/bin/npm" "start"
19 error node v8.10.0
20 error npm  v3.5.2
21 error code ELIFECYCLE
22 error ps-redux@ start: `webpack-dev-server --config webpack.config.dev.js --port 3005`
22 error Exit status 1
23 error Failed at the ps-redux@ start script 'webpack-dev-server --config webpack.config.dev.js --port 3005'.
23 error Make sure you have the latest version of node.js and npm installed.
23 error If you do, this is most likely a problem with the ps-redux package,
23 error not with npm itself.
23 error Tell the author that this fails on your system:
23 error     webpack-dev-server --config webpack.config.dev.js --port 3005
23 error You can get information on how to open an issue for this project with:
23 error     npm bugs ps-redux
23 error Or if that isn't available, you can get their info via:
23 error     npm owner ls ps-redux
23 error There is likely additional logging output above.
24 verbose exit [ 1, true ]
